2026-05-10 22:45:39,400 | INFO | LGBM[AMZN][buy] evaluated param_set=depth3_compact best_iteration=350
2026-05-10 22:45:50,473 | INFO | LGBM[AMZN][buy] evaluated param_set=depth4_balanced best_iteration=450
2026-05-10 22:46:01,452 | INFO | LGBM[AMZN][buy] evaluated param_set=depth3_stable best_iteration=550
2026-05-10 22:46:18,233 | INFO | LGBM[AMZN][sell] evaluated param_set=depth3_compact best_iteration=350
2026-05-10 22:46:29,513 | INFO | LGBM[AMZN][sell] evaluated param_set=depth4_balanced best_iteration=450
2026-05-10 22:46:41,651 | INFO | LGBM[AMZN][sell] evaluated param_set=depth3_stable best_iteration=550
2026-05-10 22:46:58,172 | INFO | LGBM[GOOG][buy] evaluated param_set=depth3_compact best_iteration=350
2026-05-10 22:47:09,597 | INFO | LGBM[GOOG][buy] evaluated param_set=depth4_balanced best_iteration=450
2026-05-10 22:47:20,371 | INFO | LGBM[GOOG][buy] evaluated param_set=depth3_stable best_iteration=550
2026-05-10 22:47:36,023 | INFO | LGBM[GOOG][sell] evaluated param_set=depth3_compact best_iteration=350
2026-05-10 22:47:46,985 | INFO | LGBM[GOOG][sell] evaluated param_set=depth4_balanced best_iteration=450
2026-05-10 22:47:58,024 | INFO | LGBM[GOOG][sell] evaluated param_set=depth3_stable best_iteration=550
2026-05-10 22:48:14,840 | INFO | LGBM[INTC][buy] evaluated param_set=depth3_compact best_iteration=350
2026-05-10 22:48:26,335 | INFO | LGBM[INTC][buy] evaluated param_set=depth4_balanced best_iteration=450
2026-05-10 22:48:37,370 | INFO | LGBM[INTC][buy] evaluated param_set=depth3_stable best_iteration=550
2026-05-10 22:48:58,896 | INFO | LGBM[INTC][sell] evaluated param_set=depth3_compact best_iteration=350
2026-05-10 22:49:13,520 | INFO | LGBM[INTC][sell] evaluated param_set=depth4_balanced best_iteration=450
2026-05-10 22:49:31,160 | INFO | LGBM[INTC][sell] evaluated param_set=depth3_stable best_iteration=550
2026-05-10 22:49:59,059 | INFO | LGBM[MSFT][buy] evaluated param_set=depth3_compact best_iteration=350
2026-05-10 22:50:17,889 | INFO | LGBM[MSFT][buy] evaluated param_set=depth4_balanced best_iteration=450
2026-05-10 22:50:30,989 | INFO | LGBM[MSFT][buy] evaluated param_set=depth3_stable best_iteration=550
2026-05-10 22:50:48,247 | INFO | LGBM[MSFT][sell] evaluated param_set=depth3_compact best_iteration=350
2026-05-10 22:50:59,408 | INFO | LGBM[MSFT][sell] evaluated param_set=depth4_balanced best_iteration=450
2026-05-10 22:51:10,998 | INFO | LGBM[MSFT][sell] evaluated param_set=depth3_stable best_iteration=550
